2025-02-10 09:45:17,927 - MAIN - DEBUG - base dir is: C:\Users\plattch\Dropbox (Persoonlijk)\SQL Server\Inspaire\Collector
2025-02-10 09:45:17,927 - MAIN - DEBUG - conf dir is: C:\Users\plattch\Dropbox (Persoonlijk)\SQL Server\Inspaire\Collector\config.ini
2025-02-10 09:45:17,927 - MAIN - DEBUG - conn dir is: C:\Users\plattch\Dropbox (Persoonlijk)\SQL Server\Inspaire\Collector\connections.json
2025-02-10 09:45:17,927 - MAIN - DEBUG - scripts dir is: C:\Users\plattch\Dropbox (Persoonlijk)\SQL Server\Inspaire\Collector\scripts
2025-02-10 09:45:17,927 - MAIN - DEBUG - out dir is: C:\Users\plattch\Dropbox (Persoonlijk)\SQL Server\Inspaire\Collector\output
2025-02-10 09:45:17,927 - MAIN - INFO - Starting application
2025-02-10 09:45:17,935 - MAIN - INFO - Retrieved and validated 15 connections.
2025-02-10 09:45:17,935 - TEST CONNECTION - INFO - Testing connection to server 'WGKP-SQL03' at '10.3.172.153:1433'...
2025-02-10 09:45:17,935 - TEST CONNECTION - INFO - Attempting connection to SQL Server at 10.3.172.153:1433 (Attempt 1/2)...
2025-03-06 11:33:59,273 - MAIN - DEBUG - base dir is: C:\Users\Kruispe\Dropbox (Hestia)\Monin-team\Monin-team\CC MS SQL\InspAIre\Collector
2025-03-06 11:33:59,273 - MAIN - DEBUG - conf dir is: C:\Users\Kruispe\Dropbox (Hestia)\Monin-team\Monin-team\CC MS SQL\InspAIre\Collector\config.ini
2025-03-06 11:33:59,273 - MAIN - DEBUG - conn dir is: C:\Users\Kruispe\Dropbox (Hestia)\Monin-team\Monin-team\CC MS SQL\InspAIre\Collector\connections.json
2025-03-06 11:33:59,273 - MAIN - DEBUG - scripts dir is: C:\Users\Kruispe\Dropbox (Hestia)\Monin-team\Monin-team\CC MS SQL\InspAIre\Collector\scripts
2025-03-06 11:33:59,273 - MAIN - DEBUG - out dir is: C:\Users\Kruispe\Dropbox (Hestia)\Monin-team\Monin-team\CC MS SQL\InspAIre\Collector\output
2025-03-06 11:33:59,273 - MAIN - INFO - Starting application
2025-03-06 11:33:59,273 - MAIN - INFO - Retrieved and validated 1 connections.
2025-03-06 11:33:59,273 - TEST CONNECTION - INFO - Testing connection to server 'BRZ7JX3' at 'BRZ7JX3:1433'...
2025-03-06 11:33:59,273 - TEST CONNECTION - INFO - Connecting to SQL Server at BRZ7JX3:1433 (Attempt 1/3)...
2025-03-06 11:33:59,273 - TEST CONNECTION - INFO - Using Windows authentication.
2025-03-06 11:33:59,487 - TEST CONNECTION - INFO - Successfully connected to SQL Server at BRZ7JX3:1433.
2025-03-06 11:33:59,487 - TEST CONNECTION - INFO - Successfully connected to SQL Server at BRZ7JX3:1433.
2025-03-06 11:33:59,487 - TEST CONNECTION - INFO - 1 out of 1 servers are reachable.
2025-03-06 11:33:59,487 - MAIN - INFO - 1 reachable servers identified for further processing.


2025-03-06 11:33:59,487 - OUTPUT_MANAGER - INFO - Created output directory for the current run: C:\Users\Kruispe\Dropbox (Hestia)\Monin-team\Monin-team\CC MS SQL\InspAIre\Collector\output\20250306_113359
2025-03-06 11:33:59,487 - EXECUTOR - INFO - Connecting to SQL Server at BRZ7JX3:1433 (Attempt 1/3)...
2025-03-06 11:33:59,487 - EXECUTOR - INFO - Using Windows authentication.
2025-03-06 11:33:59,487 - EXECUTOR - INFO - Successfully connected to SQL Server at BRZ7JX3:1433.
2025-03-06 11:33:59,487 - EXECUTOR - INFO - Reading SQL script from 'C:\Users\Kruispe\Dropbox (Hestia)\Monin-team\Monin-team\CC MS SQL\InspAIre\Collector\scripts\000 General Instance Info.sql'...
2025-03-06 11:33:59,487 - EXECUTOR - INFO - Loaded script '000 General Instance Info.sql'
2025-03-06 11:33:59,487 - EXECUTOR - INFO - Executing script '000 General Instance Info.sql'...
2025-03-06 11:33:59,503 - EXECUTOR - INFO - Successfully executed script '000 General Instance Info.sql' and extracted results.
2025-03-06 11:33:59,503 - OUTPUT_MANAGER - INFO - Successfully saved output for '000_General_Instance_Info' to 'C:\Users\Kruispe\Dropbox (Hestia)\Monin-team\Monin-team\CC MS SQL\InspAIre\Collector\output\20250306_113359\PX\BRZ7JX3_000_General_Instance_Info.json'
2025-03-06 11:33:59,503 - EXECUTOR - INFO - Reading SQL script from 'C:\Users\Kruispe\Dropbox (Hestia)\Monin-team\Monin-team\CC MS SQL\InspAIre\Collector\scripts\002 Power mode.sql'...
2025-03-06 11:33:59,503 - EXECUTOR - INFO - Loaded script '002 Power mode.sql'
2025-03-06 11:33:59,503 - EXECUTOR - INFO - Executing script '002 Power mode.sql'...
2025-03-06 11:33:59,503 - EXECUTOR - INFO - Successfully executed script '002 Power mode.sql' and extracted results.
2025-03-06 11:33:59,503 - OUTPUT_MANAGER - INFO - Successfully saved output for '002_Power_mode' to 'C:\Users\Kruispe\Dropbox (Hestia)\Monin-team\Monin-team\CC MS SQL\InspAIre\Collector\output\20250306_113359\PX\BRZ7JX3_002_Power_mode.json'
2025-03-06 11:33:59,503 - EXECUTOR - INFO - Reading SQL script from 'C:\Users\Kruispe\Dropbox (Hestia)\Monin-team\Monin-team\CC MS SQL\InspAIre\Collector\scripts\003 Service.sql'...
2025-03-06 11:33:59,503 - EXECUTOR - INFO - Loaded script '003 Service.sql'
2025-03-06 11:33:59,503 - EXECUTOR - INFO - Executing script '003 Service.sql'...
2025-03-06 11:33:59,520 - EXECUTOR - INFO - Successfully executed script '003 Service.sql' and extracted results.
2025-03-06 11:33:59,520 - OUTPUT_MANAGER - INFO - Successfully saved output for '003_Service' to 'C:\Users\Kruispe\Dropbox (Hestia)\Monin-team\Monin-team\CC MS SQL\InspAIre\Collector\output\20250306_113359\PX\BRZ7JX3_003_Service.json'
2025-03-06 11:33:59,520 - EXECUTOR - INFO - Reading SQL script from 'C:\Users\Kruispe\Dropbox (Hestia)\Monin-team\Monin-team\CC MS SQL\InspAIre\Collector\scripts\010 Check Version.sql'...
2025-03-06 11:33:59,520 - EXECUTOR - INFO - Loaded script '010 Check Version.sql'
2025-03-06 11:33:59,520 - EXECUTOR - INFO - Executing script '010 Check Version.sql'...
2025-03-06 11:33:59,787 - EXECUTOR - INFO - Successfully executed script '010 Check Version.sql' and extracted results.
2025-03-06 11:33:59,787 - OUTPUT_MANAGER - INFO - Successfully saved output for '010_Check_Version' to 'C:\Users\Kruispe\Dropbox (Hestia)\Monin-team\Monin-team\CC MS SQL\InspAIre\Collector\output\20250306_113359\PX\BRZ7JX3_010_Check_Version.json'
2025-03-06 11:33:59,787 - EXECUTOR - INFO - Reading SQL script from 'C:\Users\Kruispe\Dropbox (Hestia)\Monin-team\Monin-team\CC MS SQL\InspAIre\Collector\scripts\011 Check Database Settings.sql'...
2025-03-06 11:33:59,787 - EXECUTOR - INFO - Loaded script '011 Check Database Settings.sql'
2025-03-06 11:33:59,787 - EXECUTOR - INFO - Executing script '011 Check Database Settings.sql'...
2025-03-06 11:34:00,397 - EXECUTOR - INFO - Successfully executed script '011 Check Database Settings.sql' and extracted results.
2025-03-06 11:34:00,397 - OUTPUT_MANAGER - INFO - Successfully saved output for '011_Check_Database_Settings' to 'C:\Users\Kruispe\Dropbox (Hestia)\Monin-team\Monin-team\CC MS SQL\InspAIre\Collector\output\20250306_113359\PX\BRZ7JX3_011_Check_Database_Settings.json'
2025-03-06 11:34:00,397 - EXECUTOR - INFO - Reading SQL script from 'C:\Users\Kruispe\Dropbox (Hestia)\Monin-team\Monin-team\CC MS SQL\InspAIre\Collector\scripts\020 Check Lock pages in memory.sql'...
2025-03-06 11:34:00,397 - EXECUTOR - INFO - Loaded script '020 Check Lock pages in memory.sql'
2025-03-06 11:34:00,397 - EXECUTOR - INFO - Executing script '020 Check Lock pages in memory.sql'...
2025-03-06 11:34:00,556 - EXECUTOR - INFO - Successfully executed script '020 Check Lock pages in memory.sql' and extracted results.
2025-03-06 11:34:00,556 - OUTPUT_MANAGER - INFO - Successfully saved output for '020_Check_Lock_pages_in_memory' to 'C:\Users\Kruispe\Dropbox (Hestia)\Monin-team\Monin-team\CC MS SQL\InspAIre\Collector\output\20250306_113359\PX\BRZ7JX3_020_Check_Lock_pages_in_memory.json'
2025-03-06 11:34:00,556 - EXECUTOR - INFO - Reading SQL script from 'C:\Users\Kruispe\Dropbox (Hestia)\Monin-team\Monin-team\CC MS SQL\InspAIre\Collector\scripts\030 Check Instant File Initialisation.sql'...
2025-03-06 11:34:00,556 - EXECUTOR - INFO - Loaded script '030 Check Instant File Initialisation.sql'
2025-03-06 11:34:00,556 - EXECUTOR - INFO - Executing script '030 Check Instant File Initialisation.sql'...
2025-03-06 11:34:00,576 - EXECUTOR - INFO - Successfully executed script '030 Check Instant File Initialisation.sql' and extracted results.
2025-03-06 11:34:00,576 - OUTPUT_MANAGER - INFO - Successfully saved output for '030_Check_Instant_File_Initialisation' to 'C:\Users\Kruispe\Dropbox (Hestia)\Monin-team\Monin-team\CC MS SQL\InspAIre\Collector\output\20250306_113359\PX\BRZ7JX3_030_Check_Instant_File_Initialisation.json'
2025-03-06 11:34:00,576 - EXECUTOR - INFO - Reading SQL script from 'C:\Users\Kruispe\Dropbox (Hestia)\Monin-team\Monin-team\CC MS SQL\InspAIre\Collector\scripts\035 Check minimum and maximum memory.sql'...
2025-03-06 11:34:00,576 - EXECUTOR - WARNING - UTF-8 decoding failed for 'C:\Users\Kruispe\Dropbox (Hestia)\Monin-team\Monin-team\CC MS SQL\InspAIre\Collector\scripts\035 Check minimum and maximum memory.sql'. Retrying with Windows-1252 encoding.
2025-03-06 11:34:00,576 - EXECUTOR - INFO - Successfully loaded script '035 Check minimum and maximum memory.sql' with Windows-1252 encoding.
2025-03-06 11:34:00,576 - EXECUTOR - INFO - Executing script '035 Check minimum and maximum memory.sql'...
2025-03-06 11:34:00,635 - EXECUTOR - INFO - Successfully executed script '035 Check minimum and maximum memory.sql' and extracted results.
2025-03-06 11:34:00,635 - OUTPUT_MANAGER - INFO - Successfully saved output for '035_Check_minimum_and_maximum_memory' to 'C:\Users\Kruispe\Dropbox (Hestia)\Monin-team\Monin-team\CC MS SQL\InspAIre\Collector\output\20250306_113359\PX\BRZ7JX3_035_Check_minimum_and_maximum_memory.json'
2025-03-06 11:34:00,635 - EXECUTOR - INFO - Reading SQL script from 'C:\Users\Kruispe\Dropbox (Hestia)\Monin-team\Monin-team\CC MS SQL\InspAIre\Collector\scripts\040 Check backups older than 1 day.sql'...
2025-03-06 11:34:00,635 - EXECUTOR - INFO - Loaded script '040 Check backups older than 1 day.sql'
2025-03-06 11:34:00,635 - EXECUTOR - INFO - Executing script '040 Check backups older than 1 day.sql'...
2025-03-06 11:34:00,889 - EXECUTOR - INFO - Successfully executed script '040 Check backups older than 1 day.sql' and extracted results.
2025-03-06 11:34:00,889 - OUTPUT_MANAGER - INFO - Successfully saved output for '040_Check_backups_older_than_1_day' to 'C:\Users\Kruispe\Dropbox (Hestia)\Monin-team\Monin-team\CC MS SQL\InspAIre\Collector\output\20250306_113359\PX\BRZ7JX3_040_Check_backups_older_than_1_day.json'
2025-03-06 11:34:00,889 - EXECUTOR - INFO - Reading SQL script from 'C:\Users\Kruispe\Dropbox (Hestia)\Monin-team\Monin-team\CC MS SQL\InspAIre\Collector\scripts\050 Check percentual growth.sql'...
2025-03-06 11:34:00,889 - EXECUTOR - INFO - Loaded script '050 Check percentual growth.sql'
2025-03-06 11:34:00,889 - EXECUTOR - INFO - Executing script '050 Check percentual growth.sql'...
2025-03-06 11:34:02,815 - EXECUTOR - INFO - Successfully executed script '050 Check percentual growth.sql' and extracted results.
2025-03-06 11:34:02,818 - OUTPUT_MANAGER - INFO - Successfully saved output for '050_Check_percentual_growth' to 'C:\Users\Kruispe\Dropbox (Hestia)\Monin-team\Monin-team\CC MS SQL\InspAIre\Collector\output\20250306_113359\PX\BRZ7JX3_050_Check_percentual_growth.json'
2025-03-06 11:34:02,819 - EXECUTOR - INFO - Reading SQL script from 'C:\Users\Kruispe\Dropbox (Hestia)\Monin-team\Monin-team\CC MS SQL\InspAIre\Collector\scripts\070 Check the number of virtual logs.sql'...
2025-03-06 11:34:02,819 - EXECUTOR - INFO - Loaded script '070 Check the number of virtual logs.sql'
2025-03-06 11:34:02,820 - EXECUTOR - INFO - Executing script '070 Check the number of virtual logs.sql'...
2025-03-06 11:34:03,303 - EXECUTOR - INFO - Successfully executed script '070 Check the number of virtual logs.sql' and extracted results.
2025-03-06 11:34:03,304 - OUTPUT_MANAGER - INFO - Successfully saved output for '070_Check_the_number_of_virtual_logs' to 'C:\Users\Kruispe\Dropbox (Hestia)\Monin-team\Monin-team\CC MS SQL\InspAIre\Collector\output\20250306_113359\PX\BRZ7JX3_070_Check_the_number_of_virtual_logs.json'
2025-03-06 11:34:03,304 - EXECUTOR - INFO - Reading SQL script from 'C:\Users\Kruispe\Dropbox (Hestia)\Monin-team\Monin-team\CC MS SQL\InspAIre\Collector\scripts\080 Check TempDB configuration.sql'...
2025-03-06 11:34:03,305 - EXECUTOR - INFO - Loaded script '080 Check TempDB configuration.sql'
2025-03-06 11:34:03,305 - EXECUTOR - INFO - Executing script '080 Check TempDB configuration.sql'...
2025-03-06 11:34:03,335 - EXECUTOR - INFO - Successfully executed script '080 Check TempDB configuration.sql' and extracted results.
2025-03-06 11:34:03,336 - OUTPUT_MANAGER - INFO - Successfully saved output for '080_Check_TempDB_configuration' to 'C:\Users\Kruispe\Dropbox (Hestia)\Monin-team\Monin-team\CC MS SQL\InspAIre\Collector\output\20250306_113359\PX\BRZ7JX3_080_Check_TempDB_configuration.json'
2025-03-06 11:34:03,336 - EXECUTOR - INFO - Reading SQL script from 'C:\Users\Kruispe\Dropbox (Hestia)\Monin-team\Monin-team\CC MS SQL\InspAIre\Collector\scripts\100 Check index fragmentation.sql'...
2025-03-06 11:34:03,337 - EXECUTOR - INFO - Loaded script '100 Check index fragmentation.sql'
2025-03-06 11:34:03,337 - EXECUTOR - INFO - Executing script '100 Check index fragmentation.sql'...
2025-03-06 11:34:07,953 - EXECUTOR - INFO - Successfully executed script '100 Check index fragmentation.sql' and extracted results.
2025-03-06 11:34:07,972 - OUTPUT_MANAGER - INFO - Successfully saved output for '100_Check_index_fragmentation' to 'C:\Users\Kruispe\Dropbox (Hestia)\Monin-team\Monin-team\CC MS SQL\InspAIre\Collector\output\20250306_113359\PX\BRZ7JX3_100_Check_index_fragmentation.json'
2025-03-06 11:34:07,972 - EXECUTOR - INFO - Reading SQL script from 'C:\Users\Kruispe\Dropbox (Hestia)\Monin-team\Monin-team\CC MS SQL\InspAIre\Collector\scripts\150 Check databases where autogrowth is not enabled.sql'...
2025-03-06 11:34:07,972 - EXECUTOR - INFO - Loaded script '150 Check databases where autogrowth is not enabled.sql'
2025-03-06 11:34:07,972 - EXECUTOR - INFO - Executing script '150 Check databases where autogrowth is not enabled.sql'...
2025-03-06 11:34:09,408 - EXECUTOR - INFO - Successfully executed script '150 Check databases where autogrowth is not enabled.sql' and extracted results.
2025-03-06 11:34:09,408 - OUTPUT_MANAGER - INFO - Successfully saved output for '150_Check_databases_where_autogrowth_is_not_enabled' to 'C:\Users\Kruispe\Dropbox (Hestia)\Monin-team\Monin-team\CC MS SQL\InspAIre\Collector\output\20250306_113359\PX\BRZ7JX3_150_Check_databases_where_autogrowth_is_not_enabled.json'
2025-03-06 11:34:09,408 - EXECUTOR - INFO - Reading SQL script from 'C:\Users\Kruispe\Dropbox (Hestia)\Monin-team\Monin-team\CC MS SQL\InspAIre\Collector\scripts\160 Check if sa is disabled.sql'...
2025-03-06 11:34:09,408 - EXECUTOR - INFO - Loaded script '160 Check if sa is disabled.sql'
2025-03-06 11:34:09,408 - EXECUTOR - INFO - Executing script '160 Check if sa is disabled.sql'...
2025-03-06 11:34:09,421 - EXECUTOR - INFO - Successfully executed script '160 Check if sa is disabled.sql' and extracted results.
2025-03-06 11:34:09,421 - OUTPUT_MANAGER - INFO - Successfully saved output for '160_Check_if_sa_is_disabled' to 'C:\Users\Kruispe\Dropbox (Hestia)\Monin-team\Monin-team\CC MS SQL\InspAIre\Collector\output\20250306_113359\PX\BRZ7JX3_160_Check_if_sa_is_disabled.json'
2025-03-06 11:34:09,421 - EXECUTOR - INFO - Reading SQL script from 'C:\Users\Kruispe\Dropbox (Hestia)\Monin-team\Monin-team\CC MS SQL\InspAIre\Collector\scripts\170 Check for weak passwords.sql'...
2025-03-06 11:34:09,421 - EXECUTOR - INFO - Loaded script '170 Check for weak passwords.sql'
2025-03-06 11:34:09,421 - EXECUTOR - INFO - Executing script '170 Check for weak passwords.sql'...
2025-03-06 11:34:46,691 - EXECUTOR - INFO - Successfully executed script '170 Check for weak passwords.sql' and extracted results.
2025-03-06 11:34:46,692 - OUTPUT_MANAGER - INFO - Successfully saved output for '170_Check_for_weak_passwords' to 'C:\Users\Kruispe\Dropbox (Hestia)\Monin-team\Monin-team\CC MS SQL\InspAIre\Collector\output\20250306_113359\PX\BRZ7JX3_170_Check_for_weak_passwords.json'
2025-03-06 11:34:46,693 - EXECUTOR - INFO - Reading SQL script from 'C:\Users\Kruispe\Dropbox (Hestia)\Monin-team\Monin-team\CC MS SQL\InspAIre\Collector\scripts\180 Check sp_configure.sql'...
2025-03-06 11:34:46,693 - EXECUTOR - INFO - Loaded script '180 Check sp_configure.sql'
2025-03-06 11:34:46,693 - EXECUTOR - INFO - Executing script '180 Check sp_configure.sql'...
2025-03-06 11:34:46,706 - EXECUTOR - INFO - Successfully executed script '180 Check sp_configure.sql' and extracted results.
2025-03-06 11:34:46,706 - OUTPUT_MANAGER - INFO - Successfully saved output for '180_Check_sp_configure' to 'C:\Users\Kruispe\Dropbox (Hestia)\Monin-team\Monin-team\CC MS SQL\InspAIre\Collector\output\20250306_113359\PX\BRZ7JX3_180_Check_sp_configure.json'
2025-03-06 11:34:46,706 - EXECUTOR - INFO - Reading SQL script from 'C:\Users\Kruispe\Dropbox (Hestia)\Monin-team\Monin-team\CC MS SQL\InspAIre\Collector\scripts\190 Check system role membership.sql'...
2025-03-06 11:34:46,706 - EXECUTOR - INFO - Loaded script '190 Check system role membership.sql'
2025-03-06 11:34:46,706 - EXECUTOR - INFO - Executing script '190 Check system role membership.sql'...
2025-03-06 11:34:46,739 - EXECUTOR - INFO - Successfully executed script '190 Check system role membership.sql' and extracted results.
2025-03-06 11:34:46,739 - OUTPUT_MANAGER - INFO - Successfully saved output for '190_Check_system_role_membership' to 'C:\Users\Kruispe\Dropbox (Hestia)\Monin-team\Monin-team\CC MS SQL\InspAIre\Collector\output\20250306_113359\PX\BRZ7JX3_190_Check_system_role_membership.json'
2025-03-06 11:34:46,739 - EXECUTOR - INFO - Reading SQL script from 'C:\Users\Kruispe\Dropbox (Hestia)\Monin-team\Monin-team\CC MS SQL\InspAIre\Collector\scripts\200 Check membership of database roles with elevated rights.sql'...
2025-03-06 11:34:46,739 - EXECUTOR - INFO - Loaded script '200 Check membership of database roles with elevated rights.sql'
2025-03-06 11:34:46,739 - EXECUTOR - INFO - Executing script '200 Check membership of database roles with elevated rights.sql'...
2025-03-06 11:34:51,607 - EXECUTOR - INFO - Successfully executed script '200 Check membership of database roles with elevated rights.sql' and extracted results.
2025-03-06 11:34:51,607 - OUTPUT_MANAGER - INFO - Successfully saved output for '200_Check_membership_of_database_roles_with_elevated_rights' to 'C:\Users\Kruispe\Dropbox (Hestia)\Monin-team\Monin-team\CC MS SQL\InspAIre\Collector\output\20250306_113359\PX\BRZ7JX3_200_Check_membership_of_database_roles_with_elevated_rights.json'
2025-03-06 11:34:51,607 - EXECUTOR - INFO - Reading SQL script from 'C:\Users\Kruispe\Dropbox (Hestia)\Monin-team\Monin-team\CC MS SQL\InspAIre\Collector\scripts\210 Check if db_owner is sa.sql'...
2025-03-06 11:34:51,607 - EXECUTOR - INFO - Loaded script '210 Check if db_owner is sa.sql'
2025-03-06 11:34:51,607 - EXECUTOR - INFO - Executing script '210 Check if db_owner is sa.sql'...
2025-03-06 11:34:51,688 - EXECUTOR - INFO - Successfully executed script '210 Check if db_owner is sa.sql' and extracted results.
2025-03-06 11:34:51,688 - OUTPUT_MANAGER - INFO - Successfully saved output for '210_Check_if_db_owner_is_sa' to 'C:\Users\Kruispe\Dropbox (Hestia)\Monin-team\Monin-team\CC MS SQL\InspAIre\Collector\output\20250306_113359\PX\BRZ7JX3_210_Check_if_db_owner_is_sa.json'
2025-03-06 11:34:51,688 - EXECUTOR - INFO - Reading SQL script from 'C:\Users\Kruispe\Dropbox (Hestia)\Monin-team\Monin-team\CC MS SQL\InspAIre\Collector\scripts\220 Errors and fails in errorlog.sql'...
2025-03-06 11:34:51,688 - EXECUTOR - INFO - Loaded script '220 Errors and fails in errorlog.sql'
2025-03-06 11:34:51,688 - EXECUTOR - INFO - Executing script '220 Errors and fails in errorlog.sql'...
2025-03-06 11:34:52,608 - EXECUTOR - INFO - Successfully executed script '220 Errors and fails in errorlog.sql' and extracted results.
2025-03-06 11:34:52,613 - OUTPUT_MANAGER - INFO - Successfully saved output for '220_Errors_and_fails_in_errorlog' to 'C:\Users\Kruispe\Dropbox (Hestia)\Monin-team\Monin-team\CC MS SQL\InspAIre\Collector\output\20250306_113359\PX\BRZ7JX3_220_Errors_and_fails_in_errorlog.json'
2025-03-06 11:34:52,613 - EXECUTOR - INFO - Reading SQL script from 'C:\Users\Kruispe\Dropbox (Hestia)\Monin-team\Monin-team\CC MS SQL\InspAIre\Collector\scripts\230 Failed jobs.sql'...
2025-03-06 11:34:52,614 - EXECUTOR - INFO - Loaded script '230 Failed jobs.sql'
2025-03-06 11:34:52,614 - EXECUTOR - INFO - Executing script '230 Failed jobs.sql'...
2025-03-06 11:34:52,668 - EXECUTOR - INFO - Successfully executed script '230 Failed jobs.sql' and extracted results.
2025-03-06 11:34:52,668 - OUTPUT_MANAGER - INFO - Successfully saved output for '230_Failed_jobs' to 'C:\Users\Kruispe\Dropbox (Hestia)\Monin-team\Monin-team\CC MS SQL\InspAIre\Collector\output\20250306_113359\PX\BRZ7JX3_230_Failed_jobs.json'
2025-03-06 11:34:52,668 - EXECUTOR - INFO - Reading SQL script from 'C:\Users\Kruispe\Dropbox (Hestia)\Monin-team\Monin-team\CC MS SQL\InspAIre\Collector\scripts\240 Always-On AG.sql'...
2025-03-06 11:34:52,668 - EXECUTOR - INFO - Loaded script '240 Always-On AG.sql'
2025-03-06 11:34:52,668 - EXECUTOR - INFO - Executing script '240 Always-On AG.sql'...
2025-03-06 11:34:52,708 - EXECUTOR - INFO - Successfully executed script '240 Always-On AG.sql' and extracted results.
2025-03-06 11:34:52,708 - OUTPUT_MANAGER - INFO - Successfully saved output for '240_Always-On_AG' to 'C:\Users\Kruispe\Dropbox (Hestia)\Monin-team\Monin-team\CC MS SQL\InspAIre\Collector\output\20250306_113359\PX\BRZ7JX3_240_Always-On_AG.json'
2025-03-06 11:34:52,708 - EXECUTOR - INFO - Reading SQL script from 'C:\Users\Kruispe\Dropbox (Hestia)\Monin-team\Monin-team\CC MS SQL\InspAIre\Collector\scripts\Disk latency.sql'...
2025-03-06 11:34:52,708 - EXECUTOR - INFO - Loaded script 'Disk latency.sql'
2025-03-06 11:34:52,708 - EXECUTOR - INFO - Executing script 'Disk latency.sql'...
2025-03-06 11:34:53,296 - EXECUTOR - INFO - Successfully executed script 'Disk latency.sql' and extracted results.
2025-03-06 11:34:53,296 - OUTPUT_MANAGER - INFO - Successfully saved output for 'Disk_latency' to 'C:\Users\Kruispe\Dropbox (Hestia)\Monin-team\Monin-team\CC MS SQL\InspAIre\Collector\output\20250306_113359\PX\BRZ7JX3_Disk_latency.json'
2025-03-06 11:34:53,296 - EXECUTOR - INFO - Reading SQL script from 'C:\Users\Kruispe\Dropbox (Hestia)\Monin-team\Monin-team\CC MS SQL\InspAIre\Collector\scripts\invalid-logins.sql'...
2025-03-06 11:34:53,296 - EXECUTOR - INFO - Loaded script 'invalid-logins.sql'
2025-03-06 11:34:53,296 - EXECUTOR - INFO - Executing script 'invalid-logins.sql'...
2025-03-06 11:34:53,364 - EXECUTOR - INFO - Successfully executed script 'invalid-logins.sql' and extracted results.
2025-03-06 11:34:53,364 - OUTPUT_MANAGER - INFO - Successfully saved output for 'invalid-logins' to 'C:\Users\Kruispe\Dropbox (Hestia)\Monin-team\Monin-team\CC MS SQL\InspAIre\Collector\output\20250306_113359\PX\BRZ7JX3_invalid-logins.json'
2025-03-06 11:34:53,364 - EXECUTOR - INFO - Reading SQL script from 'C:\Users\Kruispe\Dropbox (Hestia)\Monin-team\Monin-team\CC MS SQL\InspAIre\Collector\scripts\querystore-check-storage-usage.sql'...
2025-03-06 11:34:53,364 - EXECUTOR - INFO - Loaded script 'querystore-check-storage-usage.sql'
2025-03-06 11:34:53,372 - EXECUTOR - INFO - Executing script 'querystore-check-storage-usage.sql'...
2025-03-06 11:34:54,639 - EXECUTOR - INFO - Successfully executed script 'querystore-check-storage-usage.sql' and extracted results.
2025-03-06 11:34:54,646 - OUTPUT_MANAGER - INFO - Successfully saved output for 'querystore-check-storage-usage' to 'C:\Users\Kruispe\Dropbox (Hestia)\Monin-team\Monin-team\CC MS SQL\InspAIre\Collector\output\20250306_113359\PX\BRZ7JX3_querystore-check-storage-usage.json'
2025-03-06 11:34:54,646 - EXECUTOR - INFO - Database connection closed.

2025-03-06 11:34:54,647 - MAIN - INFO - Application ended
